<?xml version="1.0" encoding="UTF-8"?>
<!-- Generated by org.testng.reporters.JUnitReportReporter -->
<testsuite skipped="0" hostname="DESKTOP-T3EO6I8" name="SeleniumSessions.ManojVasalaCalendar" tests="1" failures="0" timestamp="29 Oct 2018 16:45:39 GMT" time="47.269" errors="0">
  <testcase name="selectDate" time="47.269" classname="SeleniumSessions.ManojVasalaCalendar"/>
</testsuite> <!-- SeleniumSessions.ManojVasalaCalendar -->
