<?xml version="1.0" encoding="UTF-8"?>
<!-- Generated by org.testng.reporters.JUnitReportReporter -->
<testsuite skipped="0" hostname="DESKTOP-T3EO6I8" name="com.test.TestNgBasics" tests="3" failures="0" timestamp="18 Oct 2018 18:16:42 GMT" time="0.013" errors="0">
  <testcase name="googleTitleTest" time="0.005" classname="com.test.TestNgBasics"/>
  <testcase name="searchTest" time="0.003" classname="com.test.TestNgBasics"/>
  <testcase name="googleLogoTest" time="0.005" classname="com.test.TestNgBasics"/>
</testsuite> <!-- com.test.TestNgBasics -->
