<?xml version="1.0" encoding="UTF-8"?>
<!-- Generated by org.testng.reporters.JUnitReportReporter -->
<testsuite skipped="0" hostname="DESKTOP-T3EO6I8" name="com.test.ExceptionTimeOutTest" tests="1" failures="0" timestamp="18 Oct 2018 18:16:42 GMT" time="0.005" errors="0">
  <testcase name="test1" time="0.005" classname="com.test.ExceptionTimeOutTest"/>
</testsuite> <!-- com.test.ExceptionTimeOutTest -->
