<?xml version="1.0" encoding="UTF-8"?>
<!-- Generated by org.testng.reporters.JUnitReportReporter -->
<testsuite skipped="0" hostname="DESKTOP-T3EO6I8" name="com.datadriven.test.MercuryToursTest" tests="4" failures="0" timestamp="20 Oct 2018 07:26:54 GMT" time="117.736" errors="0">
  <testcase name="mercuryTourRegPageTest" time="25.106" classname="com.datadriven.test.MercuryToursTest"/>
  <testcase name="mercuryTourRegPageTest" time="20.403" classname="com.datadriven.test.MercuryToursTest"/>
  <testcase name="mercuryTourRegPageTest" time="32.366" classname="com.datadriven.test.MercuryToursTest"/>
  <testcase name="mercuryTourRegPageTest" time="39.861" classname="com.datadriven.test.MercuryToursTest"/>
</testsuite> <!-- com.datadriven.test.MercuryToursTest -->
