<?xml version="1.0" encoding="UTF-8"?>
<!-- Generated by org.testng.reporters.JUnitReportReporter -->
<testsuite skipped="0" hostname="DESKTOP-T3EO6I8" name="com.test.TestNgFeatures" tests="1" failures="0" timestamp="18 Oct 2018 18:16:42 GMT" time="0.003" errors="0">
  <testcase name="loginTest" time="0.003" classname="com.test.TestNgFeatures"/>
</testsuite> <!-- com.test.TestNgFeatures -->
